<?xml version="1.0" encoding="UTF-8"?>
<!-- Generated by org.testng.reporters.JUnitReportReporter -->
<testsuite hostname="Tarun" failures="0" tests="2" name="Unit_Testing_Tool.FirstProgram" time="8.986" errors="0" timestamp="2023-09-03T12:09:24 IST" skipped="0">
  <testcase classname="Unit_Testing_Tool.FirstProgram" name="Zomato" time="4.391"/>
  <system-out>
zomato page is launched  </system-out>
  <testcase classname="Unit_Testing_Tool.FirstProgram" name="Swiggy" time="4.595"/>
  <system-out>
swiggy page is launched  </system-out>
</testsuite> <!-- Unit_Testing_Tool.FirstProgram -->
