<?xml version="1.0" encoding="UTF-8"?>
<!-- Generated by org.testng.reporters.JUnitReportReporter -->
<testsuite hostname="Tarun" failures="0" tests="6" name="Unit_Testing_Tool.Parameters" time="22.331" errors="0" timestamp="2023-09-09T10:51:07 IST" skipped="1">
  <testcase classname="Unit_Testing_Tool.Parameters" name="DemoWebShop" time="4.158"/>
  <system-out>
DemoWebShop page is opened  </system-out>
  <testcase classname="Unit_Testing_Tool.Parameters" name="Swiggy" time="6.032"/>
  <system-out>
Swiggy Page is opened  </system-out>
  <testcase classname="Unit_Testing_Tool.Parameters" name="Swiggy" time="5.843"/>
  <system-out>
Swiggy Page is opened  </system-out>
  <testcase classname="Unit_Testing_Tool.Parameters" name="Zomato" time="4.003"/>
  <system-out>
Zomato page is opened  </system-out>
  <testcase classname="Unit_Testing_Tool.Parameters" name="Facebook" time="2.295"/>
  <system-out>
Facebook page is opened  </system-out>
  <testcase classname="Unit_Testing_Tool.Parameters" name="Instagram">
    <skipped/>
  </testcase> <!-- Instagram -->
  <system-out/>
</testsuite> <!-- Unit_Testing_Tool.Parameters -->
