<?xml version="1.0" encoding="UTF-8"?>
<!-- Generated by org.testng.reporters.JUnitReportReporter -->
<testsuite hostname="Tarun" failures="0" tests="1" name="Unit_Testing_Tool.Chronologies" time="0.007" errors="0" timestamp="2023-09-09T11:54:38 IST" skipped="0">
  <testcase classname="Unit_Testing_Tool.Chronologies" name="main" time="0.007"/>
  <system-out>
main method  </system-out>
</testsuite> <!-- Unit_Testing_Tool.Chronologies -->
