<?xml version="1.0" encoding="UTF-8"?>
<!-- Generated by org.testng.reporters.JUnitReportReporter -->
<testsuite hostname="Tarun" failures="0" tests="1" name="Unit_Testing_Tool.Infoysis" time="5.455" errors="0" timestamp="2023-09-09T11:23:43 IST" skipped="0">
  <testcase classname="Unit_Testing_Tool.Infoysis" name="InfoysCompany" time="5.455"/>
  <system-out/>
</testsuite> <!-- Unit_Testing_Tool.Infoysis -->
