<?xml version="1.0" encoding="UTF-8"?>
<!-- Generated by org.testng.reporters.JUnitReportReporter -->
<testsuite hostname="Tarun" failures="0" tests="1" name="Unit_Testing_Tool.wipro" time="11.192" errors="0" timestamp="2023-09-09T11:20:04 IST" skipped="0">
  <testcase classname="Unit_Testing_Tool.wipro" name="wiproCompany" time="11.192"/>
  <system-out/>
</testsuite> <!-- Unit_Testing_Tool.wipro -->
