<?xml version="1.0" encoding="UTF-8"?>
<!-- Generated by org.testng.reporters.JUnitReportReporter -->
<testsuite hostname="Tarun" failures="0" tests="3" name="Unit_Testing_Tool.dataProvider" time="27.893" errors="0" timestamp="2023-09-09T13:47:59 IST" skipped="0">
  <testcase classname="Unit_Testing_Tool.dataProvider" name="fetch" time="9.112"/>
  <system-out/>
  <testcase classname="Unit_Testing_Tool.dataProvider" name="fetch" time="10.862"/>
  <system-out/>
  <testcase classname="Unit_Testing_Tool.dataProvider" name="fetch" time="7.919"/>
  <system-out/>
</testsuite> <!-- Unit_Testing_Tool.dataProvider -->
