<?xml version="1.0" encoding="UTF-8"?>
<!-- Generated by org.testng.reporters.JUnitReportReporter -->
<testsuite hostname="Tarun" failures="0" tests="1" name="Unit_Testing_Tool.Google" time="4.362" errors="0" timestamp="2023-09-09T14:37:09 IST" skipped="0">
  <testcase classname="Unit_Testing_Tool.Google" name="googleCompany" time="4.362"/>
  <system-out/>
</testsuite> <!-- Unit_Testing_Tool.Google -->
